Namespace(device=0, log_steps=1, use_sage=True, num_layers=3, hidden_channels=256, dropout=0.5, lr=0.01, epochs=1000, eval_steps=10, runs=5)
Run: 01, Epoch: 10, Loss: 0.3716, Train: 65.13%, Valid: 53.31% Test: 46.74%
Run: 01, Epoch: 20, Loss: 0.3417, Train: 67.81%, Valid: 60.11% Test: 51.50%
Run: 01, Epoch: 30, Loss: 0.3329, Train: 69.63%, Valid: 65.39% Test: 58.22%
Run: 01, Epoch: 40, Loss: 0.3246, Train: 71.17%, Valid: 67.88% Test: 62.65%
Run: 01, Epoch: 50, Loss: 0.3198, Train: 72.35%, Valid: 69.85% Test: 65.53%
Run: 01, Epoch: 60, Loss: 0.3155, Train: 73.68%, Valid: 71.53% Test: 67.16%
Run: 01, Epoch: 70, Loss: 0.3106, Train: 75.26%, Valid: 73.07% Test: 68.31%
Run: 01, Epoch: 80, Loss: 0.3044, Train: 77.14%, Valid: 74.78% Test: 69.77%
Run: 01, Epoch: 90, Loss: 0.2988, Train: 78.55%, Valid: 76.08% Test: 71.05%
Run: 01, Epoch: 100, Loss: 0.2945, Train: 79.58%, Valid: 76.80% Test: 71.50%
Run: 01, Epoch: 110, Loss: 0.2914, Train: 80.33%, Valid: 77.21% Test: 71.69%
Run: 01, Epoch: 120, Loss: 0.2884, Train: 80.89%, Valid: 77.58% Test: 71.93%
Run: 01, Epoch: 130, Loss: 0.2864, Train: 81.35%, Valid: 77.97% Test: 72.28%
Run: 01, Epoch: 140, Loss: 0.2847, Train: 81.73%, Valid: 78.27% Test: 72.50%
Run: 01, Epoch: 150, Loss: 0.2826, Train: 82.09%, Valid: 78.53% Test: 72.73%
Run: 01, Epoch: 160, Loss: 0.2837, Train: 82.35%, Valid: 78.78% Test: 73.29%
Run: 01, Epoch: 170, Loss: 0.2818, Train: 82.62%, Valid: 78.92% Test: 73.04%
Run: 01, Epoch: 180, Loss: 0.2785, Train: 82.85%, Valid: 79.10% Test: 73.20%
Run: 01, Epoch: 190, Loss: 0.2775, Train: 83.07%, Valid: 79.28% Test: 73.52%
Run: 01, Epoch: 200, Loss: 0.2758, Train: 83.29%, Valid: 79.44% Test: 73.66%
Run: 01, Epoch: 210, Loss: 0.2747, Train: 83.50%, Valid: 79.54% Test: 73.60%
Run: 01, Epoch: 220, Loss: 0.2741, Train: 83.68%, Valid: 79.73% Test: 73.98%
Run: 01, Epoch: 230, Loss: 0.2727, Train: 83.85%, Valid: 79.82% Test: 73.88%
Run: 01, Epoch: 240, Loss: 0.2716, Train: 84.02%, Valid: 79.97% Test: 74.19%
Run: 01, Epoch: 250, Loss: 0.2704, Train: 84.19%, Valid: 80.07% Test: 74.26%
Run: 01, Epoch: 260, Loss: 0.2713, Train: 84.34%, Valid: 80.22% Test: 74.22%
Run: 01, Epoch: 270, Loss: 0.2701, Train: 84.46%, Valid: 80.29% Test: 74.24%
Run: 01, Epoch: 280, Loss: 0.2687, Train: 84.58%, Valid: 80.48% Test: 74.89%
Run: 01, Epoch: 290, Loss: 0.2689, Train: 84.69%, Valid: 80.54% Test: 75.09%
Run: 01, Epoch: 300, Loss: 0.2660, Train: 84.81%, Valid: 80.60% Test: 74.72%
Run: 01, Epoch: 310, Loss: 0.2658, Train: 84.94%, Valid: 80.72% Test: 74.90%
Run: 01, Epoch: 320, Loss: 0.2647, Train: 85.06%, Valid: 80.83% Test: 75.15%
Run: 01, Epoch: 330, Loss: 0.2675, Train: 85.15%, Valid: 80.87% Test: 74.86%
Run: 01, Epoch: 340, Loss: 0.2664, Train: 85.22%, Valid: 80.92% Test: 74.80%
Run: 01, Epoch: 350, Loss: 0.2626, Train: 85.31%, Valid: 81.04% Test: 75.50%
Run: 01, Epoch: 360, Loss: 0.2622, Train: 85.41%, Valid: 81.09% Test: 75.41%
Run: 01, Epoch: 370, Loss: 0.2607, Train: 85.48%, Valid: 81.17% Test: 75.40%
Run: 01, Epoch: 380, Loss: 0.2621, Train: 85.57%, Valid: 81.24% Test: 75.61%
Run: 01, Epoch: 390, Loss: 0.2609, Train: 85.65%, Valid: 81.29% Test: 75.71%
Run: 01, Epoch: 400, Loss: 0.2594, Train: 85.72%, Valid: 81.36% Test: 75.73%
Run: 01, Epoch: 410, Loss: 0.2602, Train: 85.80%, Valid: 81.44% Test: 75.56%
Run: 01, Epoch: 420, Loss: 0.2672, Train: 85.78%, Valid: 81.46% Test: 75.42%
Run: 01, Epoch: 430, Loss: 0.2604, Train: 85.80%, Valid: 81.32% Test: 75.60%
Run: 01, Epoch: 440, Loss: 0.2598, Train: 85.94%, Valid: 81.48% Test: 75.54%
Run: 01, Epoch: 450, Loss: 0.2579, Train: 86.00%, Valid: 81.52% Test: 75.73%
Run: 01, Epoch: 460, Loss: 0.2571, Train: 86.09%, Valid: 81.75% Test: 76.05%
Run: 01, Epoch: 470, Loss: 0.2562, Train: 86.15%, Valid: 81.68% Test: 75.89%
Run: 01, Epoch: 480, Loss: 0.2566, Train: 86.19%, Valid: 81.78% Test: 76.08%
Run: 01, Epoch: 490, Loss: 0.2556, Train: 86.26%, Valid: 81.83% Test: 75.94%
Run: 01, Epoch: 500, Loss: 0.2546, Train: 86.29%, Valid: 81.91% Test: 76.00%
Run: 01, Epoch: 510, Loss: 0.2541, Train: 86.39%, Valid: 82.00% Test: 76.21%
Run: 01, Epoch: 520, Loss: 0.2555, Train: 86.42%, Valid: 81.99% Test: 76.02%
Run: 01, Epoch: 530, Loss: 0.2546, Train: 86.41%, Valid: 81.98% Test: 75.93%
Run: 01, Epoch: 540, Loss: 0.2532, Train: 86.52%, Valid: 82.13% Test: 76.29%
Run: 01, Epoch: 550, Loss: 0.2526, Train: 86.57%, Valid: 82.15% Test: 76.32%
Run: 01, Epoch: 560, Loss: 0.2527, Train: 86.62%, Valid: 82.15% Test: 76.21%
Run: 01, Epoch: 570, Loss: 0.2552, Train: 86.65%, Valid: 82.20% Test: 76.07%
Run: 01, Epoch: 580, Loss: 0.2518, Train: 86.69%, Valid: 82.23% Test: 76.20%
Run: 01, Epoch: 590, Loss: 0.2531, Train: 86.74%, Valid: 82.26% Test: 76.02%
Run: 01, Epoch: 600, Loss: 0.2509, Train: 86.76%, Valid: 82.38% Test: 76.31%
Run: 01, Epoch: 610, Loss: 0.2513, Train: 86.80%, Valid: 82.33% Test: 76.17%
Run: 01, Epoch: 620, Loss: 0.2505, Train: 86.83%, Valid: 82.50% Test: 76.67%
Run: 01, Epoch: 630, Loss: 0.2506, Train: 86.88%, Valid: 82.45% Test: 76.26%
Run: 01, Epoch: 640, Loss: 0.2504, Train: 86.93%, Valid: 82.45% Test: 76.24%
Run: 01, Epoch: 650, Loss: 0.2503, Train: 86.96%, Valid: 82.53% Test: 76.25%
Run: 01, Epoch: 660, Loss: 0.2497, Train: 87.00%, Valid: 82.61% Test: 76.36%
Run: 01, Epoch: 670, Loss: 0.2520, Train: 87.01%, Valid: 82.54% Test: 75.98%
Run: 01, Epoch: 680, Loss: 0.2499, Train: 87.07%, Valid: 82.65% Test: 76.32%
Run: 01, Epoch: 690, Loss: 0.2489, Train: 87.11%, Valid: 82.65% Test: 76.22%
Run: 01, Epoch: 700, Loss: 0.2487, Train: 87.14%, Valid: 82.69% Test: 76.09%
Run: 01, Epoch: 710, Loss: 0.2486, Train: 87.18%, Valid: 82.83% Test: 76.51%
Run: 01, Epoch: 720, Loss: 0.2480, Train: 87.21%, Valid: 82.74% Test: 76.04%
Run: 01, Epoch: 730, Loss: 0.2508, Train: 87.22%, Valid: 82.78% Test: 76.27%
Run: 01, Epoch: 740, Loss: 0.2477, Train: 87.27%, Valid: 82.93% Test: 76.52%
Run: 01, Epoch: 750, Loss: 0.2487, Train: 87.27%, Valid: 82.80% Test: 76.42%
Run: 01, Epoch: 760, Loss: 0.2478, Train: 87.30%, Valid: 82.75% Test: 76.04%
Run: 01, Epoch: 770, Loss: 0.2468, Train: 87.35%, Valid: 82.97% Test: 76.51%
Run: 01, Epoch: 780, Loss: 0.2479, Train: 87.38%, Valid: 83.03% Test: 76.59%
Run: 01, Epoch: 790, Loss: 0.2470, Train: 87.44%, Valid: 83.03% Test: 76.36%
Run: 01, Epoch: 800, Loss: 0.2466, Train: 87.43%, Valid: 82.91% Test: 76.25%
Run: 01, Epoch: 810, Loss: 0.2472, Train: 87.41%, Valid: 82.92% Test: 76.24%
Run: 01, Epoch: 820, Loss: 0.2465, Train: 87.44%, Valid: 83.02% Test: 76.40%
Run: 01, Epoch: 830, Loss: 0.2479, Train: 87.52%, Valid: 83.07% Test: 76.29%
Run: 01, Epoch: 840, Loss: 0.2460, Train: 87.54%, Valid: 83.08% Test: 76.30%
Run: 01, Epoch: 850, Loss: 0.2467, Train: 87.56%, Valid: 83.17% Test: 76.47%
Run: 01, Epoch: 860, Loss: 0.2470, Train: 87.59%, Valid: 83.14% Test: 76.40%
Run: 01, Epoch: 870, Loss: 0.2464, Train: 87.60%, Valid: 83.17% Test: 76.30%
Run: 01, Epoch: 880, Loss: 0.2456, Train: 87.65%, Valid: 83.21% Test: 76.44%
Run: 01, Epoch: 890, Loss: 0.2455, Train: 87.67%, Valid: 83.23% Test: 76.23%
Run: 01, Epoch: 900, Loss: 0.2447, Train: 87.69%, Valid: 83.20% Test: 76.39%
Run: 01, Epoch: 910, Loss: 0.2453, Train: 87.71%, Valid: 83.31% Test: 76.50%
Run: 01, Epoch: 920, Loss: 0.2438, Train: 87.75%, Valid: 83.23% Test: 76.20%
Run: 01, Epoch: 930, Loss: 0.2449, Train: 87.78%, Valid: 83.26% Test: 76.16%
Run: 01, Epoch: 940, Loss: 0.2443, Train: 87.79%, Valid: 83.37% Test: 76.36%
Run: 01, Epoch: 950, Loss: 0.2450, Train: 87.80%, Valid: 83.23% Test: 75.96%
Run: 01, Epoch: 960, Loss: 0.2435, Train: 87.81%, Valid: 83.33% Test: 76.40%
Run: 01, Epoch: 970, Loss: 0.2435, Train: 87.84%, Valid: 83.35% Test: 76.29%
Run: 01, Epoch: 980, Loss: 0.2439, Train: 87.85%, Valid: 83.18% Test: 75.93%
Run: 01, Epoch: 990, Loss: 0.2428, Train: 87.89%, Valid: 83.43% Test: 76.43%
Run: 01, Epoch: 1000, Loss: 0.2427, Train: 87.93%, Valid: 83.44% Test: 76.16%
Run 01:
Highest Train: 87.93
Highest Valid: 83.44
  Final Train: 87.93
   Final Test: 76.16
Run: 02, Epoch: 10, Loss: 0.3607, Train: 65.79%, Valid: 57.06% Test: 47.42%
Run: 02, Epoch: 20, Loss: 0.3408, Train: 67.80%, Valid: 60.08% Test: 50.61%
Run: 02, Epoch: 30, Loss: 0.3317, Train: 70.10%, Valid: 66.04% Test: 58.95%
Run: 02, Epoch: 40, Loss: 0.3236, Train: 71.79%, Valid: 70.21% Test: 66.00%
Run: 02, Epoch: 50, Loss: 0.3183, Train: 73.29%, Valid: 71.03% Test: 66.38%
Run: 02, Epoch: 60, Loss: 0.3135, Train: 74.77%, Valid: 72.62% Test: 67.58%
Run: 02, Epoch: 70, Loss: 0.3075, Train: 76.26%, Valid: 74.18% Test: 68.80%
Run: 02, Epoch: 80, Loss: 0.3021, Train: 77.48%, Valid: 75.40% Test: 70.53%
Run: 02, Epoch: 90, Loss: 0.2975, Train: 78.55%, Valid: 76.33% Test: 71.48%
Run: 02, Epoch: 100, Loss: 0.2938, Train: 79.50%, Valid: 77.01% Test: 71.88%
Run: 02, Epoch: 110, Loss: 0.2912, Train: 80.21%, Valid: 77.44% Test: 72.09%
Run: 02, Epoch: 120, Loss: 0.2883, Train: 80.77%, Valid: 77.75% Test: 72.20%
Run: 02, Epoch: 130, Loss: 0.2868, Train: 81.23%, Valid: 77.95% Test: 72.58%
Run: 02, Epoch: 140, Loss: 0.2853, Train: 81.62%, Valid: 78.18% Test: 72.68%
Run: 02, Epoch: 150, Loss: 0.2826, Train: 81.95%, Valid: 78.44% Test: 72.76%
Run: 02, Epoch: 160, Loss: 0.2812, Train: 82.27%, Valid: 78.65% Test: 73.01%
Run: 02, Epoch: 170, Loss: 0.2804, Train: 82.52%, Valid: 78.83% Test: 73.32%
Run: 02, Epoch: 180, Loss: 0.2778, Train: 82.77%, Valid: 79.06% Test: 73.53%
Run: 02, Epoch: 190, Loss: 0.2777, Train: 82.99%, Valid: 79.19% Test: 73.80%
Run: 02, Epoch: 200, Loss: 0.2771, Train: 83.22%, Valid: 79.36% Test: 73.84%
Run: 02, Epoch: 210, Loss: 0.2763, Train: 83.42%, Valid: 79.52% Test: 73.99%
Run: 02, Epoch: 220, Loss: 0.2742, Train: 83.61%, Valid: 79.67% Test: 74.13%
Run: 02, Epoch: 230, Loss: 0.2723, Train: 83.81%, Valid: 79.82% Test: 74.24%
Run: 02, Epoch: 240, Loss: 0.2745, Train: 83.99%, Valid: 79.99% Test: 74.41%
Run: 02, Epoch: 250, Loss: 0.2715, Train: 84.11%, Valid: 80.11% Test: 74.66%
Run: 02, Epoch: 260, Loss: 0.2703, Train: 84.27%, Valid: 80.19% Test: 74.47%
Run: 02, Epoch: 270, Loss: 0.2684, Train: 84.40%, Valid: 80.29% Test: 74.72%
Run: 02, Epoch: 280, Loss: 0.2676, Train: 84.55%, Valid: 80.44% Test: 75.02%
Run: 02, Epoch: 290, Loss: 0.2669, Train: 84.67%, Valid: 80.59% Test: 75.07%
Run: 02, Epoch: 300, Loss: 0.2669, Train: 84.80%, Valid: 80.65% Test: 74.98%
Run: 02, Epoch: 310, Loss: 0.2655, Train: 84.90%, Valid: 80.79% Test: 75.53%
Run: 02, Epoch: 320, Loss: 0.2654, Train: 85.01%, Valid: 80.82% Test: 75.21%
Run: 02, Epoch: 330, Loss: 0.2641, Train: 85.13%, Valid: 80.92% Test: 75.46%
Run: 02, Epoch: 340, Loss: 0.2687, Train: 85.17%, Valid: 81.00% Test: 75.72%
Run: 02, Epoch: 350, Loss: 0.2627, Train: 85.30%, Valid: 81.06% Test: 75.42%
Run: 02, Epoch: 360, Loss: 0.2623, Train: 85.40%, Valid: 81.20% Test: 75.69%
Run: 02, Epoch: 370, Loss: 0.2640, Train: 85.49%, Valid: 81.27% Test: 75.78%
Run: 02, Epoch: 380, Loss: 0.2607, Train: 85.55%, Valid: 81.35% Test: 75.63%
Run: 02, Epoch: 390, Loss: 0.2613, Train: 85.64%, Valid: 81.40% Test: 75.86%
Run: 02, Epoch: 400, Loss: 0.2599, Train: 85.74%, Valid: 81.46% Test: 75.87%
Run: 02, Epoch: 410, Loss: 0.2629, Train: 85.81%, Valid: 81.51% Test: 75.83%
Run: 02, Epoch: 420, Loss: 0.2617, Train: 85.87%, Valid: 81.58% Test: 75.90%
Run: 02, Epoch: 430, Loss: 0.2595, Train: 85.93%, Valid: 81.63% Test: 75.93%
Run: 02, Epoch: 440, Loss: 0.2580, Train: 86.00%, Valid: 81.72% Test: 76.08%
Run: 02, Epoch: 450, Loss: 0.2579, Train: 86.07%, Valid: 81.85% Test: 76.25%
Run: 02, Epoch: 460, Loss: 0.2571, Train: 86.12%, Valid: 81.91% Test: 76.42%
Run: 02, Epoch: 470, Loss: 0.2570, Train: 86.19%, Valid: 81.95% Test: 76.29%
Run: 02, Epoch: 480, Loss: 0.2568, Train: 86.28%, Valid: 82.03% Test: 76.40%
Run: 02, Epoch: 490, Loss: 0.2555, Train: 86.29%, Valid: 82.06% Test: 76.29%
Run: 02, Epoch: 500, Loss: 0.2569, Train: 86.33%, Valid: 82.11% Test: 76.56%
Run: 02, Epoch: 510, Loss: 0.2562, Train: 86.38%, Valid: 82.15% Test: 76.40%
Run: 02, Epoch: 520, Loss: 0.2552, Train: 86.39%, Valid: 82.14% Test: 76.61%
Run: 02, Epoch: 530, Loss: 0.2543, Train: 86.47%, Valid: 82.18% Test: 76.46%
Run: 02, Epoch: 540, Loss: 0.2533, Train: 86.55%, Valid: 82.33% Test: 76.81%
Run: 02, Epoch: 550, Loss: 0.2538, Train: 86.57%, Valid: 82.16% Test: 76.39%
Run: 02, Epoch: 560, Loss: 0.2545, Train: 86.62%, Valid: 82.39% Test: 76.80%
Run: 02, Epoch: 570, Loss: 0.2529, Train: 86.66%, Valid: 82.35% Test: 76.69%
Run: 02, Epoch: 580, Loss: 0.2528, Train: 86.72%, Valid: 82.41% Test: 76.71%
Run: 02, Epoch: 590, Loss: 0.2521, Train: 86.74%, Valid: 82.35% Test: 76.57%
Run: 02, Epoch: 600, Loss: 0.2535, Train: 86.75%, Valid: 82.51% Test: 76.98%
Run: 02, Epoch: 610, Loss: 0.2516, Train: 86.82%, Valid: 82.46% Test: 76.58%
Run: 02, Epoch: 620, Loss: 0.2518, Train: 86.83%, Valid: 82.41% Test: 76.58%
Run: 02, Epoch: 630, Loss: 0.2505, Train: 86.90%, Valid: 82.68% Test: 77.06%
Run: 02, Epoch: 640, Loss: 0.2505, Train: 86.91%, Valid: 82.56% Test: 76.72%
Run: 02, Epoch: 650, Loss: 0.2511, Train: 86.99%, Valid: 82.69% Test: 76.92%
Run: 02, Epoch: 660, Loss: 0.2522, Train: 86.98%, Valid: 82.68% Test: 76.80%
Run: 02, Epoch: 670, Loss: 0.2526, Train: 87.01%, Valid: 82.67% Test: 76.74%
Run: 02, Epoch: 680, Loss: 0.2496, Train: 87.06%, Valid: 82.78% Test: 77.07%
Run: 02, Epoch: 690, Loss: 0.2511, Train: 87.04%, Valid: 82.63% Test: 76.84%
Run: 02, Epoch: 700, Loss: 0.2496, Train: 87.11%, Valid: 82.83% Test: 77.03%
Run: 02, Epoch: 710, Loss: 0.2491, Train: 87.15%, Valid: 82.73% Test: 76.73%
Run: 02, Epoch: 720, Loss: 0.2494, Train: 87.15%, Valid: 82.85% Test: 77.00%
Run: 02, Epoch: 730, Loss: 0.2485, Train: 87.22%, Valid: 82.87% Test: 76.99%
Run: 02, Epoch: 740, Loss: 0.2513, Train: 87.20%, Valid: 82.86% Test: 76.84%
Run: 02, Epoch: 750, Loss: 0.2508, Train: 87.20%, Valid: 82.88% Test: 76.85%
Run: 02, Epoch: 760, Loss: 0.2505, Train: 87.21%, Valid: 82.82% Test: 77.02%
Run: 02, Epoch: 770, Loss: 0.2492, Train: 87.28%, Valid: 83.03% Test: 77.18%
Run: 02, Epoch: 780, Loss: 0.2476, Train: 87.31%, Valid: 82.91% Test: 77.04%
Run: 02, Epoch: 790, Loss: 0.2474, Train: 87.35%, Valid: 83.07% Test: 77.30%
Run: 02, Epoch: 800, Loss: 0.2465, Train: 87.38%, Valid: 82.97% Test: 77.02%
Run: 02, Epoch: 810, Loss: 0.2472, Train: 87.40%, Valid: 82.95% Test: 77.00%
Run: 02, Epoch: 820, Loss: 0.2465, Train: 87.42%, Valid: 82.98% Test: 76.97%
Run: 02, Epoch: 830, Loss: 0.2498, Train: 87.45%, Valid: 83.06% Test: 76.93%
Run: 02, Epoch: 840, Loss: 0.2468, Train: 87.46%, Valid: 83.06% Test: 76.99%
Run: 02, Epoch: 850, Loss: 0.2473, Train: 87.49%, Valid: 83.08% Test: 77.09%
Run: 02, Epoch: 860, Loss: 0.2460, Train: 87.53%, Valid: 83.11% Test: 77.02%
Run: 02, Epoch: 870, Loss: 0.2453, Train: 87.54%, Valid: 83.15% Test: 77.16%
Run: 02, Epoch: 880, Loss: 0.2469, Train: 87.53%, Valid: 83.12% Test: 76.97%
Run: 02, Epoch: 890, Loss: 0.2457, Train: 87.57%, Valid: 83.22% Test: 77.28%
Run: 02, Epoch: 900, Loss: 0.2453, Train: 87.63%, Valid: 83.33% Test: 77.33%
Run: 02, Epoch: 910, Loss: 0.2450, Train: 87.61%, Valid: 83.22% Test: 77.20%
Run: 02, Epoch: 920, Loss: 0.2473, Train: 87.61%, Valid: 83.17% Test: 77.23%
Run: 02, Epoch: 930, Loss: 0.2460, Train: 87.63%, Valid: 83.19% Test: 77.07%
Run: 02, Epoch: 940, Loss: 0.2448, Train: 87.65%, Valid: 83.13% Test: 76.73%
Run: 02, Epoch: 950, Loss: 0.2452, Train: 87.69%, Valid: 83.36% Test: 77.32%
Run: 02, Epoch: 960, Loss: 0.2450, Train: 87.73%, Valid: 83.39% Test: 77.31%
Run: 02, Epoch: 970, Loss: 0.2460, Train: 87.72%, Valid: 83.17% Test: 76.81%
Run: 02, Epoch: 980, Loss: 0.2465, Train: 87.75%, Valid: 83.43% Test: 77.36%
Run: 02, Epoch: 990, Loss: 0.2442, Train: 87.76%, Valid: 83.24% Test: 77.11%
Run: 02, Epoch: 1000, Loss: 0.2447, Train: 87.77%, Valid: 83.35% Test: 77.12%
Run 02:
Highest Train: 87.77
Highest Valid: 83.43
  Final Train: 87.75
   Final Test: 77.36
Run: 03, Epoch: 10, Loss: 0.3675, Train: 65.70%, Valid: 54.89% Test: 46.65%
Run: 03, Epoch: 20, Loss: 0.3415, Train: 67.83%, Valid: 60.85% Test: 53.10%
Run: 03, Epoch: 30, Loss: 0.3329, Train: 69.70%, Valid: 66.35% Test: 59.09%
Run: 03, Epoch: 40, Loss: 0.3249, Train: 71.31%, Valid: 68.53% Test: 63.18%
Run: 03, Epoch: 50, Loss: 0.3206, Train: 72.24%, Valid: 69.49% Test: 64.93%
Run: 03, Epoch: 60, Loss: 0.3166, Train: 73.17%, Valid: 70.51% Test: 66.20%
Run: 03, Epoch: 70, Loss: 0.3124, Train: 74.54%, Valid: 72.48% Test: 67.88%
Run: 03, Epoch: 80, Loss: 0.3073, Train: 76.26%, Valid: 73.96% Test: 69.39%
Run: 03, Epoch: 90, Loss: 0.3016, Train: 78.02%, Valid: 75.49% Test: 70.45%
Run: 03, Epoch: 100, Loss: 0.2966, Train: 79.23%, Valid: 76.69% Test: 71.44%
Run: 03, Epoch: 110, Loss: 0.2928, Train: 80.04%, Valid: 77.27% Test: 71.72%
Run: 03, Epoch: 120, Loss: 0.2898, Train: 80.58%, Valid: 77.66% Test: 71.96%
Run: 03, Epoch: 130, Loss: 0.2878, Train: 81.02%, Valid: 77.94% Test: 72.19%
Run: 03, Epoch: 140, Loss: 0.2856, Train: 81.39%, Valid: 78.19% Test: 72.43%
Run: 03, Epoch: 150, Loss: 0.2857, Train: 81.74%, Valid: 78.38% Test: 72.43%
Run: 03, Epoch: 160, Loss: 0.2826, Train: 82.04%, Valid: 78.56% Test: 72.77%
Run: 03, Epoch: 170, Loss: 0.2808, Train: 82.34%, Valid: 78.77% Test: 72.89%
Run: 03, Epoch: 180, Loss: 0.2797, Train: 82.47%, Valid: 78.87% Test: 73.19%
Run: 03, Epoch: 190, Loss: 0.2796, Train: 82.73%, Valid: 79.00% Test: 72.98%
Run: 03, Epoch: 200, Loss: 0.2772, Train: 82.98%, Valid: 79.18% Test: 73.17%
Run: 03, Epoch: 210, Loss: 0.2764, Train: 83.17%, Valid: 79.31% Test: 73.34%
Run: 03, Epoch: 220, Loss: 0.2759, Train: 83.38%, Valid: 79.46% Test: 73.33%
Run: 03, Epoch: 230, Loss: 0.2743, Train: 83.55%, Valid: 79.56% Test: 73.50%
Run: 03, Epoch: 240, Loss: 0.2781, Train: 83.66%, Valid: 79.71% Test: 73.98%
Run: 03, Epoch: 250, Loss: 0.2738, Train: 83.80%, Valid: 79.79% Test: 73.66%
Run: 03, Epoch: 260, Loss: 0.2732, Train: 83.93%, Valid: 79.85% Test: 73.96%
Run: 03, Epoch: 270, Loss: 0.2712, Train: 84.10%, Valid: 79.92% Test: 73.82%
Run: 03, Epoch: 280, Loss: 0.2702, Train: 84.22%, Valid: 80.04% Test: 74.19%
Run: 03, Epoch: 290, Loss: 0.2695, Train: 84.38%, Valid: 80.17% Test: 74.29%
Run: 03, Epoch: 300, Loss: 0.2681, Train: 84.49%, Valid: 80.19% Test: 74.14%
Run: 03, Epoch: 310, Loss: 0.2697, Train: 84.55%, Valid: 80.37% Test: 74.37%
Run: 03, Epoch: 320, Loss: 0.2673, Train: 84.61%, Valid: 80.35% Test: 74.64%
Run: 03, Epoch: 330, Loss: 0.2664, Train: 84.75%, Valid: 80.41% Test: 74.42%
Run: 03, Epoch: 340, Loss: 0.2675, Train: 84.85%, Valid: 80.54% Test: 74.61%
Run: 03, Epoch: 350, Loss: 0.2649, Train: 84.95%, Valid: 80.64% Test: 74.99%
Run: 03, Epoch: 360, Loss: 0.2655, Train: 85.02%, Valid: 80.75% Test: 75.35%
Run: 03, Epoch: 370, Loss: 0.2639, Train: 85.14%, Valid: 80.81% Test: 74.99%
Run: 03, Epoch: 380, Loss: 0.2636, Train: 85.20%, Valid: 80.90% Test: 75.39%
Run: 03, Epoch: 390, Loss: 0.2631, Train: 85.29%, Valid: 80.93% Test: 75.26%
Run: 03, Epoch: 400, Loss: 0.2621, Train: 85.38%, Valid: 81.04% Test: 75.35%
Run: 03, Epoch: 410, Loss: 0.2618, Train: 85.45%, Valid: 81.10% Test: 75.45%
Run: 03, Epoch: 420, Loss: 0.2633, Train: 85.49%, Valid: 81.14% Test: 75.52%
Run: 03, Epoch: 430, Loss: 0.2625, Train: 85.55%, Valid: 81.18% Test: 75.46%
Run: 03, Epoch: 440, Loss: 0.2604, Train: 85.62%, Valid: 81.20% Test: 75.23%
Run: 03, Epoch: 450, Loss: 0.2601, Train: 85.70%, Valid: 81.23% Test: 75.11%
Run: 03, Epoch: 460, Loss: 0.2595, Train: 85.76%, Valid: 81.44% Test: 75.71%
Run: 03, Epoch: 470, Loss: 0.2598, Train: 85.83%, Valid: 81.39% Test: 75.52%
Run: 03, Epoch: 480, Loss: 0.2584, Train: 85.91%, Valid: 81.58% Test: 75.76%
Run: 03, Epoch: 490, Loss: 0.2611, Train: 85.97%, Valid: 81.63% Test: 75.77%
Run: 03, Epoch: 500, Loss: 0.2581, Train: 85.99%, Valid: 81.70% Test: 75.90%
Run: 03, Epoch: 510, Loss: 0.2571, Train: 86.06%, Valid: 81.60% Test: 75.45%
Run: 03, Epoch: 520, Loss: 0.2570, Train: 86.12%, Valid: 81.77% Test: 75.79%
Run: 03, Epoch: 530, Loss: 0.2588, Train: 86.20%, Valid: 81.79% Test: 75.86%
Run: 03, Epoch: 540, Loss: 0.2557, Train: 86.25%, Valid: 81.89% Test: 76.01%
Run: 03, Epoch: 550, Loss: 0.2560, Train: 86.29%, Valid: 81.85% Test: 75.75%
Run: 03, Epoch: 560, Loss: 0.2591, Train: 86.33%, Valid: 82.01% Test: 76.12%
Run: 03, Epoch: 570, Loss: 0.2556, Train: 86.36%, Valid: 81.92% Test: 75.57%
Run: 03, Epoch: 580, Loss: 0.2561, Train: 86.40%, Valid: 82.08% Test: 75.99%
Run: 03, Epoch: 590, Loss: 0.2536, Train: 86.45%, Valid: 82.04% Test: 75.96%
Run: 03, Epoch: 600, Loss: 0.2574, Train: 86.48%, Valid: 82.07% Test: 75.98%
Run: 03, Epoch: 610, Loss: 0.2537, Train: 86.52%, Valid: 82.03% Test: 75.61%
Run: 03, Epoch: 620, Loss: 0.2533, Train: 86.58%, Valid: 82.14% Test: 75.68%
Run: 03, Epoch: 630, Loss: 0.2524, Train: 86.62%, Valid: 82.20% Test: 75.75%
Run: 03, Epoch: 640, Loss: 0.2534, Train: 86.66%, Valid: 82.24% Test: 75.75%
Run: 03, Epoch: 650, Loss: 0.2523, Train: 86.68%, Valid: 82.29% Test: 75.98%
Run: 03, Epoch: 660, Loss: 0.2522, Train: 86.74%, Valid: 82.38% Test: 75.93%
Run: 03, Epoch: 670, Loss: 0.2519, Train: 86.78%, Valid: 82.40% Test: 76.14%
Run: 03, Epoch: 680, Loss: 0.2532, Train: 86.81%, Valid: 82.44% Test: 75.96%
Run: 03, Epoch: 690, Loss: 0.2524, Train: 86.80%, Valid: 82.42% Test: 75.77%
Run: 03, Epoch: 700, Loss: 0.2533, Train: 86.86%, Valid: 82.50% Test: 75.91%
Run: 03, Epoch: 710, Loss: 0.2540, Train: 86.86%, Valid: 82.43% Test: 75.68%
Run: 03, Epoch: 720, Loss: 0.2514, Train: 86.91%, Valid: 82.37% Test: 75.61%
Run: 03, Epoch: 730, Loss: 0.2507, Train: 86.97%, Valid: 82.52% Test: 75.83%
Run: 03, Epoch: 740, Loss: 0.2502, Train: 87.02%, Valid: 82.61% Test: 75.89%
Run: 03, Epoch: 750, Loss: 0.2503, Train: 87.01%, Valid: 82.52% Test: 75.51%
Run: 03, Epoch: 760, Loss: 0.2499, Train: 87.07%, Valid: 82.62% Test: 75.62%
Run: 03, Epoch: 770, Loss: 0.2554, Train: 87.05%, Valid: 82.63% Test: 76.08%
Run: 03, Epoch: 780, Loss: 0.2517, Train: 87.06%, Valid: 82.77% Test: 75.95%
Run: 03, Epoch: 790, Loss: 0.2493, Train: 87.11%, Valid: 82.63% Test: 75.78%
Run: 03, Epoch: 800, Loss: 0.2488, Train: 87.17%, Valid: 82.64% Test: 75.62%
Run: 03, Epoch: 810, Loss: 0.2482, Train: 87.23%, Valid: 82.71% Test: 75.59%
Run: 03, Epoch: 820, Loss: 0.2489, Train: 87.23%, Valid: 82.89% Test: 76.12%
Run: 03, Epoch: 830, Loss: 0.2520, Train: 87.25%, Valid: 82.74% Test: 75.64%
Run: 03, Epoch: 840, Loss: 0.2476, Train: 87.28%, Valid: 82.80% Test: 75.67%
Run: 03, Epoch: 850, Loss: 0.2483, Train: 87.30%, Valid: 82.78% Test: 75.56%
Run: 03, Epoch: 860, Loss: 0.2470, Train: 87.34%, Valid: 82.93% Test: 75.84%
Run: 03, Epoch: 870, Loss: 0.2482, Train: 87.36%, Valid: 82.96% Test: 75.90%
Run: 03, Epoch: 880, Loss: 0.2465, Train: 87.39%, Valid: 82.96% Test: 75.84%
Run: 03, Epoch: 890, Loss: 0.2485, Train: 87.39%, Valid: 82.95% Test: 75.64%
Run: 03, Epoch: 900, Loss: 0.2470, Train: 87.41%, Valid: 82.91% Test: 75.45%
Run: 03, Epoch: 910, Loss: 0.2493, Train: 87.44%, Valid: 82.94% Test: 75.48%
Run: 03, Epoch: 920, Loss: 0.2486, Train: 87.47%, Valid: 83.00% Test: 75.58%
Run: 03, Epoch: 930, Loss: 0.2465, Train: 87.49%, Valid: 83.08% Test: 75.90%
Run: 03, Epoch: 940, Loss: 0.2460, Train: 87.52%, Valid: 82.97% Test: 75.32%
Run: 03, Epoch: 950, Loss: 0.2459, Train: 87.58%, Valid: 83.17% Test: 75.80%
Run: 03, Epoch: 960, Loss: 0.2461, Train: 87.60%, Valid: 83.14% Test: 75.79%
Run: 03, Epoch: 970, Loss: 0.2462, Train: 87.59%, Valid: 83.08% Test: 75.27%
Run: 03, Epoch: 980, Loss: 0.2451, Train: 87.60%, Valid: 83.18% Test: 75.65%
Run: 03, Epoch: 990, Loss: 0.2447, Train: 87.67%, Valid: 83.16% Test: 75.50%
Run: 03, Epoch: 1000, Loss: 0.2447, Train: 87.65%, Valid: 83.26% Test: 75.91%
Run 03:
Highest Train: 87.67
Highest Valid: 83.26
  Final Train: 87.65
   Final Test: 75.91
Run: 04, Epoch: 10, Loss: 0.3625, Train: 67.37%, Valid: 58.57% Test: 50.90%
Run: 04, Epoch: 20, Loss: 0.3412, Train: 68.38%, Valid: 60.01% Test: 53.10%
Run: 04, Epoch: 30, Loss: 0.3321, Train: 70.48%, Valid: 67.41% Test: 61.27%
Run: 04, Epoch: 40, Loss: 0.3241, Train: 71.67%, Valid: 68.32% Test: 62.98%
Run: 04, Epoch: 50, Loss: 0.3191, Train: 72.52%, Valid: 69.62% Test: 64.84%
Run: 04, Epoch: 60, Loss: 0.3155, Train: 73.53%, Valid: 71.11% Test: 66.68%
Run: 04, Epoch: 70, Loss: 0.3107, Train: 75.16%, Valid: 73.20% Test: 68.42%
Run: 04, Epoch: 80, Loss: 0.3049, Train: 77.04%, Valid: 74.90% Test: 70.00%
Run: 04, Epoch: 90, Loss: 0.2994, Train: 78.42%, Valid: 76.21% Test: 71.09%
Run: 04, Epoch: 100, Loss: 0.2953, Train: 79.39%, Valid: 76.81% Test: 71.46%
Run: 04, Epoch: 110, Loss: 0.2925, Train: 80.01%, Valid: 77.24% Test: 71.74%
Run: 04, Epoch: 120, Loss: 0.2903, Train: 80.52%, Valid: 77.59% Test: 72.15%
Run: 04, Epoch: 130, Loss: 0.2882, Train: 80.93%, Valid: 77.84% Test: 72.48%
Run: 04, Epoch: 140, Loss: 0.2859, Train: 81.30%, Valid: 78.06% Test: 72.45%
Run: 04, Epoch: 150, Loss: 0.2841, Train: 81.65%, Valid: 78.32% Test: 72.69%
Run: 04, Epoch: 160, Loss: 0.2829, Train: 81.96%, Valid: 78.53% Test: 72.96%
Run: 04, Epoch: 170, Loss: 0.2821, Train: 82.24%, Valid: 78.70% Test: 73.00%
Run: 04, Epoch: 180, Loss: 0.2802, Train: 82.50%, Valid: 78.89% Test: 73.36%
Run: 04, Epoch: 190, Loss: 0.2783, Train: 82.76%, Valid: 79.10% Test: 73.57%
Run: 04, Epoch: 200, Loss: 0.2774, Train: 83.03%, Valid: 79.31% Test: 73.81%
Run: 04, Epoch: 210, Loss: 0.2760, Train: 83.26%, Valid: 79.52% Test: 74.03%
Run: 04, Epoch: 220, Loss: 0.2749, Train: 83.45%, Valid: 79.67% Test: 73.96%
Run: 04, Epoch: 230, Loss: 0.2738, Train: 83.63%, Valid: 79.79% Test: 74.40%
Run: 04, Epoch: 240, Loss: 0.2749, Train: 83.81%, Valid: 79.89% Test: 74.20%
Run: 04, Epoch: 250, Loss: 0.2717, Train: 83.96%, Valid: 80.03% Test: 74.43%
Run: 04, Epoch: 260, Loss: 0.2710, Train: 84.09%, Valid: 80.18% Test: 74.68%
Run: 04, Epoch: 270, Loss: 0.2724, Train: 84.21%, Valid: 80.30% Test: 74.71%
Run: 04, Epoch: 280, Loss: 0.2697, Train: 84.29%, Valid: 80.33% Test: 74.96%
Run: 04, Epoch: 290, Loss: 0.2684, Train: 84.48%, Valid: 80.45% Test: 74.86%
Run: 04, Epoch: 300, Loss: 0.2675, Train: 84.61%, Valid: 80.58% Test: 75.10%
Run: 04, Epoch: 310, Loss: 0.2675, Train: 84.70%, Valid: 80.70% Test: 75.39%
Run: 04, Epoch: 320, Loss: 0.2667, Train: 84.82%, Valid: 80.77% Test: 75.31%
Run: 04, Epoch: 330, Loss: 0.2680, Train: 84.88%, Valid: 80.86% Test: 75.63%
Run: 04, Epoch: 340, Loss: 0.2657, Train: 85.01%, Valid: 80.95% Test: 75.56%
Run: 04, Epoch: 350, Loss: 0.2642, Train: 85.10%, Valid: 80.98% Test: 75.45%
Run: 04, Epoch: 360, Loss: 0.2635, Train: 85.17%, Valid: 81.13% Test: 75.84%
Run: 04, Epoch: 370, Loss: 0.2649, Train: 85.25%, Valid: 81.14% Test: 75.81%
Run: 04, Epoch: 380, Loss: 0.2623, Train: 85.34%, Valid: 81.21% Test: 75.75%
Run: 04, Epoch: 390, Loss: 0.2627, Train: 85.44%, Valid: 81.25% Test: 75.65%
Run: 04, Epoch: 400, Loss: 0.2608, Train: 85.52%, Valid: 81.40% Test: 75.97%
Run: 04, Epoch: 410, Loss: 0.2610, Train: 85.59%, Valid: 81.47% Test: 76.09%
Run: 04, Epoch: 420, Loss: 0.2618, Train: 85.62%, Valid: 81.36% Test: 75.81%
Run: 04, Epoch: 430, Loss: 0.2611, Train: 85.72%, Valid: 81.58% Test: 76.19%
Run: 04, Epoch: 440, Loss: 0.2596, Train: 85.78%, Valid: 81.61% Test: 76.19%
Run: 04, Epoch: 450, Loss: 0.2602, Train: 85.85%, Valid: 81.71% Test: 76.43%
Run: 04, Epoch: 460, Loss: 0.2577, Train: 85.91%, Valid: 81.66% Test: 76.14%
Run: 04, Epoch: 470, Loss: 0.2577, Train: 86.00%, Valid: 81.84% Test: 76.36%
Run: 04, Epoch: 480, Loss: 0.2575, Train: 86.05%, Valid: 81.77% Test: 76.10%
Run: 04, Epoch: 490, Loss: 0.2571, Train: 86.10%, Valid: 81.89% Test: 76.36%
Run: 04, Epoch: 500, Loss: 0.2557, Train: 86.13%, Valid: 81.79% Test: 76.04%
Run: 04, Epoch: 510, Loss: 0.2569, Train: 86.18%, Valid: 81.88% Test: 76.12%
Run: 04, Epoch: 520, Loss: 0.2592, Train: 86.25%, Valid: 82.00% Test: 76.30%
Run: 04, Epoch: 530, Loss: 0.2565, Train: 86.25%, Valid: 81.97% Test: 76.35%
Run: 04, Epoch: 540, Loss: 0.2550, Train: 86.32%, Valid: 82.04% Test: 76.40%
Run: 04, Epoch: 550, Loss: 0.2567, Train: 86.40%, Valid: 82.17% Test: 76.54%
Run: 04, Epoch: 560, Loss: 0.2544, Train: 86.41%, Valid: 82.10% Test: 76.31%
Run: 04, Epoch: 570, Loss: 0.2560, Train: 86.47%, Valid: 82.18% Test: 76.45%
Run: 04, Epoch: 580, Loss: 0.2536, Train: 86.53%, Valid: 82.16% Test: 76.19%
Run: 04, Epoch: 590, Loss: 0.2542, Train: 86.57%, Valid: 82.33% Test: 76.60%
Run: 04, Epoch: 600, Loss: 0.2546, Train: 86.61%, Valid: 82.30% Test: 76.49%
Run: 04, Epoch: 610, Loss: 0.2522, Train: 86.68%, Valid: 82.33% Test: 76.22%
Run: 04, Epoch: 620, Loss: 0.2524, Train: 86.73%, Valid: 82.47% Test: 76.49%
Run: 04, Epoch: 630, Loss: 0.2531, Train: 86.73%, Valid: 82.47% Test: 76.48%
Run: 04, Epoch: 640, Loss: 0.2516, Train: 86.78%, Valid: 82.44% Test: 76.27%
Run: 04, Epoch: 650, Loss: 0.2514, Train: 86.83%, Valid: 82.62% Test: 76.58%
Run: 04, Epoch: 660, Loss: 0.2509, Train: 86.91%, Valid: 82.56% Test: 76.32%
Run: 04, Epoch: 670, Loss: 0.2531, Train: 86.91%, Valid: 82.61% Test: 76.39%
Run: 04, Epoch: 680, Loss: 0.2518, Train: 86.91%, Valid: 82.59% Test: 76.35%
Run: 04, Epoch: 690, Loss: 0.2519, Train: 86.94%, Valid: 82.58% Test: 76.13%
Run: 04, Epoch: 700, Loss: 0.2494, Train: 87.01%, Valid: 82.64% Test: 76.35%
Run: 04, Epoch: 710, Loss: 0.2495, Train: 87.05%, Valid: 82.78% Test: 76.69%
Run: 04, Epoch: 720, Loss: 0.2494, Train: 87.09%, Valid: 82.75% Test: 76.54%
Run: 04, Epoch: 730, Loss: 0.2500, Train: 87.14%, Valid: 82.83% Test: 76.38%
Run: 04, Epoch: 740, Loss: 0.2484, Train: 87.15%, Valid: 82.80% Test: 76.39%
Run: 04, Epoch: 750, Loss: 0.2487, Train: 87.17%, Valid: 82.89% Test: 76.47%
Run: 04, Epoch: 760, Loss: 0.2484, Train: 87.20%, Valid: 82.84% Test: 76.32%
Run: 04, Epoch: 770, Loss: 0.2489, Train: 87.24%, Valid: 82.94% Test: 76.56%
Run: 04, Epoch: 780, Loss: 0.2493, Train: 87.26%, Valid: 82.92% Test: 76.24%
Run: 04, Epoch: 790, Loss: 0.2481, Train: 87.26%, Valid: 82.86% Test: 76.17%
Run: 04, Epoch: 800, Loss: 0.2473, Train: 87.35%, Valid: 82.98% Test: 76.22%
Run: 04, Epoch: 810, Loss: 0.2469, Train: 87.34%, Valid: 82.99% Test: 76.37%
Run: 04, Epoch: 820, Loss: 0.2467, Train: 87.38%, Valid: 83.09% Test: 76.47%
Run: 04, Epoch: 830, Loss: 0.2483, Train: 87.41%, Valid: 83.10% Test: 76.38%
Run: 04, Epoch: 840, Loss: 0.2485, Train: 87.42%, Valid: 83.01% Test: 76.24%
Run: 04, Epoch: 850, Loss: 0.2465, Train: 87.46%, Valid: 83.15% Test: 76.36%
Run: 04, Epoch: 860, Loss: 0.2463, Train: 87.49%, Valid: 83.06% Test: 76.22%
Run: 04, Epoch: 870, Loss: 0.2458, Train: 87.51%, Valid: 83.17% Test: 76.24%
Run: 04, Epoch: 880, Loss: 0.2463, Train: 87.51%, Valid: 83.12% Test: 76.00%
Run: 04, Epoch: 890, Loss: 0.2456, Train: 87.56%, Valid: 83.17% Test: 76.34%
Run: 04, Epoch: 900, Loss: 0.2455, Train: 87.58%, Valid: 83.18% Test: 76.06%
Run: 04, Epoch: 910, Loss: 0.2454, Train: 87.59%, Valid: 83.13% Test: 75.87%
Run: 04, Epoch: 920, Loss: 0.2451, Train: 87.64%, Valid: 83.23% Test: 76.27%
Run: 04, Epoch: 930, Loss: 0.2451, Train: 87.65%, Valid: 83.20% Test: 75.79%
Run: 04, Epoch: 940, Loss: 0.2446, Train: 87.73%, Valid: 83.38% Test: 76.29%
Run: 04, Epoch: 950, Loss: 0.2441, Train: 87.71%, Valid: 83.41% Test: 76.75%
Run: 04, Epoch: 960, Loss: 0.2440, Train: 87.73%, Valid: 83.27% Test: 75.87%
Run: 04, Epoch: 970, Loss: 0.2441, Train: 87.76%, Valid: 83.40% Test: 76.26%
Run: 04, Epoch: 980, Loss: 0.2437, Train: 87.79%, Valid: 83.42% Test: 76.32%
Run: 04, Epoch: 990, Loss: 0.2453, Train: 87.79%, Valid: 83.45% Test: 76.09%
Run: 04, Epoch: 1000, Loss: 0.2432, Train: 87.82%, Valid: 83.44% Test: 75.95%
Run 04:
Highest Train: 87.82
Highest Valid: 83.45
  Final Train: 87.79
   Final Test: 76.09
Run: 05, Epoch: 10, Loss: 0.3727, Train: 67.90%, Valid: 60.96% Test: 55.27%
Run: 05, Epoch: 20, Loss: 0.3425, Train: 68.70%, Valid: 60.95% Test: 53.59%
Run: 05, Epoch: 30, Loss: 0.3327, Train: 70.38%, Valid: 66.42% Test: 59.62%
Run: 05, Epoch: 40, Loss: 0.3241, Train: 71.57%, Valid: 68.81% Test: 63.11%
Run: 05, Epoch: 50, Loss: 0.3193, Train: 72.59%, Valid: 70.05% Test: 65.08%
Run: 05, Epoch: 60, Loss: 0.3151, Train: 73.75%, Valid: 71.73% Test: 67.22%
Run: 05, Epoch: 70, Loss: 0.3106, Train: 75.11%, Valid: 73.07% Test: 68.43%
Run: 05, Epoch: 80, Loss: 0.3054, Train: 76.90%, Valid: 74.70% Test: 69.69%
Run: 05, Epoch: 90, Loss: 0.2998, Train: 78.42%, Valid: 76.21% Test: 71.12%
Run: 05, Epoch: 100, Loss: 0.2957, Train: 79.40%, Valid: 76.92% Test: 71.77%
Run: 05, Epoch: 110, Loss: 0.2922, Train: 80.13%, Valid: 77.38% Test: 72.12%
Run: 05, Epoch: 120, Loss: 0.2895, Train: 80.69%, Valid: 77.73% Test: 72.46%
Run: 05, Epoch: 130, Loss: 0.2876, Train: 81.15%, Valid: 78.02% Test: 72.84%
Run: 05, Epoch: 140, Loss: 0.2852, Train: 81.52%, Valid: 78.31% Test: 72.91%
Run: 05, Epoch: 150, Loss: 0.2838, Train: 81.83%, Valid: 78.55% Test: 73.31%
Run: 05, Epoch: 160, Loss: 0.2819, Train: 82.15%, Valid: 78.75% Test: 73.42%
Run: 05, Epoch: 170, Loss: 0.2805, Train: 82.46%, Valid: 78.99% Test: 73.66%
Run: 05, Epoch: 180, Loss: 0.2787, Train: 82.75%, Valid: 79.19% Test: 73.83%
Run: 05, Epoch: 190, Loss: 0.2778, Train: 82.89%, Valid: 79.31% Test: 74.13%
Run: 05, Epoch: 200, Loss: 0.2766, Train: 83.10%, Valid: 79.43% Test: 74.05%
Run: 05, Epoch: 210, Loss: 0.2754, Train: 83.34%, Valid: 79.55% Test: 74.15%
Run: 05, Epoch: 220, Loss: 0.2742, Train: 83.53%, Valid: 79.73% Test: 74.48%
Run: 05, Epoch: 230, Loss: 0.2729, Train: 83.73%, Valid: 79.87% Test: 74.54%
Run: 05, Epoch: 240, Loss: 0.2723, Train: 83.89%, Valid: 80.03% Test: 74.66%
Run: 05, Epoch: 250, Loss: 0.2715, Train: 84.04%, Valid: 80.14% Test: 74.95%
Run: 05, Epoch: 260, Loss: 0.2754, Train: 84.19%, Valid: 80.18% Test: 74.68%
Run: 05, Epoch: 270, Loss: 0.2688, Train: 84.28%, Valid: 80.26% Test: 74.84%
Run: 05, Epoch: 280, Loss: 0.2684, Train: 84.42%, Valid: 80.30% Test: 74.80%
Run: 05, Epoch: 290, Loss: 0.2677, Train: 84.59%, Valid: 80.48% Test: 75.25%
Run: 05, Epoch: 300, Loss: 0.2686, Train: 84.70%, Valid: 80.57% Test: 75.33%
Run: 05, Epoch: 310, Loss: 0.2663, Train: 84.81%, Valid: 80.70% Test: 75.56%
Run: 05, Epoch: 320, Loss: 0.2659, Train: 84.94%, Valid: 80.81% Test: 75.73%
Run: 05, Epoch: 330, Loss: 0.2732, Train: 84.91%, Valid: 80.91% Test: 75.93%
Run: 05, Epoch: 340, Loss: 0.2665, Train: 85.00%, Valid: 80.81% Test: 75.29%
Run: 05, Epoch: 350, Loss: 0.2639, Train: 85.12%, Valid: 80.81% Test: 75.36%
Run: 05, Epoch: 360, Loss: 0.2632, Train: 85.25%, Valid: 80.99% Test: 75.67%
Run: 05, Epoch: 370, Loss: 0.2618, Train: 85.36%, Valid: 81.12% Test: 75.79%
Run: 05, Epoch: 380, Loss: 0.2617, Train: 85.46%, Valid: 81.27% Test: 75.99%
Run: 05, Epoch: 390, Loss: 0.2608, Train: 85.55%, Valid: 81.30% Test: 75.98%
Run: 05, Epoch: 400, Loss: 0.2600, Train: 85.63%, Valid: 81.41% Test: 76.00%
Run: 05, Epoch: 410, Loss: 0.2613, Train: 85.68%, Valid: 81.46% Test: 75.88%
Run: 05, Epoch: 420, Loss: 0.2588, Train: 85.78%, Valid: 81.50% Test: 76.06%
Run: 05, Epoch: 430, Loss: 0.2652, Train: 85.82%, Valid: 81.62% Test: 76.36%
Run: 05, Epoch: 440, Loss: 0.2584, Train: 85.85%, Valid: 81.53% Test: 75.69%
Run: 05, Epoch: 450, Loss: 0.2578, Train: 85.96%, Valid: 81.62% Test: 75.95%
Run: 05, Epoch: 460, Loss: 0.2577, Train: 86.03%, Valid: 81.65% Test: 75.98%
Run: 05, Epoch: 470, Loss: 0.2567, Train: 86.10%, Valid: 81.76% Test: 76.13%
Run: 05, Epoch: 480, Loss: 0.2564, Train: 86.15%, Valid: 81.77% Test: 75.81%
Run: 05, Epoch: 490, Loss: 0.2556, Train: 86.22%, Valid: 81.91% Test: 76.14%
Run: 05, Epoch: 500, Loss: 0.2563, Train: 86.29%, Valid: 81.98% Test: 76.11%
Run: 05, Epoch: 510, Loss: 0.2577, Train: 86.32%, Valid: 82.03% Test: 76.14%
Run: 05, Epoch: 520, Loss: 0.2558, Train: 86.36%, Valid: 82.01% Test: 75.92%
Run: 05, Epoch: 530, Loss: 0.2557, Train: 86.44%, Valid: 82.18% Test: 76.34%
Run: 05, Epoch: 540, Loss: 0.2541, Train: 86.50%, Valid: 82.19% Test: 76.09%
Run: 05, Epoch: 550, Loss: 0.2560, Train: 86.55%, Valid: 82.27% Test: 76.26%
Run: 05, Epoch: 560, Loss: 0.2537, Train: 86.59%, Valid: 82.25% Test: 75.98%
Run: 05, Epoch: 570, Loss: 0.2532, Train: 86.62%, Valid: 82.24% Test: 76.01%
Run: 05, Epoch: 580, Loss: 0.2529, Train: 86.69%, Valid: 82.38% Test: 76.25%
Run: 05, Epoch: 590, Loss: 0.2529, Train: 86.71%, Valid: 82.40% Test: 76.31%
Run: 05, Epoch: 600, Loss: 0.2526, Train: 86.74%, Valid: 82.38% Test: 76.15%
Run: 05, Epoch: 610, Loss: 0.2524, Train: 86.80%, Valid: 82.37% Test: 75.83%
Run: 05, Epoch: 620, Loss: 0.2508, Train: 86.83%, Valid: 82.52% Test: 76.25%
Run: 05, Epoch: 630, Loss: 0.2506, Train: 86.88%, Valid: 82.47% Test: 75.95%
Run: 05, Epoch: 640, Loss: 0.2522, Train: 86.90%, Valid: 82.65% Test: 76.39%
Run: 05, Epoch: 650, Loss: 0.2504, Train: 86.99%, Valid: 82.55% Test: 76.03%
Run: 05, Epoch: 660, Loss: 0.2500, Train: 87.02%, Valid: 82.61% Test: 76.07%
Run: 05, Epoch: 670, Loss: 0.2536, Train: 86.99%, Valid: 82.72% Test: 76.73%
Run: 05, Epoch: 680, Loss: 0.2501, Train: 87.04%, Valid: 82.68% Test: 76.23%
Run: 05, Epoch: 690, Loss: 0.2514, Train: 87.07%, Valid: 82.69% Test: 76.04%
Run: 05, Epoch: 700, Loss: 0.2491, Train: 87.12%, Valid: 82.68% Test: 76.02%
Run: 05, Epoch: 710, Loss: 0.2491, Train: 87.16%, Valid: 82.71% Test: 76.08%
Run: 05, Epoch: 720, Loss: 0.2487, Train: 87.18%, Valid: 82.74% Test: 76.01%
Run: 05, Epoch: 730, Loss: 0.2481, Train: 87.24%, Valid: 82.83% Test: 76.20%
Run: 05, Epoch: 740, Loss: 0.2506, Train: 87.26%, Valid: 82.83% Test: 76.12%
Run: 05, Epoch: 750, Loss: 0.2504, Train: 87.28%, Valid: 82.88% Test: 76.36%
Run: 05, Epoch: 760, Loss: 0.2486, Train: 87.30%, Valid: 82.84% Test: 75.96%
Run: 05, Epoch: 770, Loss: 0.2474, Train: 87.38%, Valid: 82.99% Test: 76.12%
Run: 05, Epoch: 780, Loss: 0.2470, Train: 87.39%, Valid: 82.88% Test: 75.79%
Run: 05, Epoch: 790, Loss: 0.2475, Train: 87.40%, Valid: 82.82% Test: 75.58%
Run: 05, Epoch: 800, Loss: 0.2462, Train: 87.45%, Valid: 83.05% Test: 76.13%
Run: 05, Epoch: 810, Loss: 0.2463, Train: 87.49%, Valid: 83.05% Test: 76.07%
Run: 05, Epoch: 820, Loss: 0.2482, Train: 87.50%, Valid: 83.04% Test: 76.19%
Run: 05, Epoch: 830, Loss: 0.2457, Train: 87.50%, Valid: 82.95% Test: 75.70%
Run: 05, Epoch: 840, Loss: 0.2459, Train: 87.54%, Valid: 83.05% Test: 75.81%
Run: 05, Epoch: 850, Loss: 0.2465, Train: 87.59%, Valid: 83.18% Test: 76.24%
Run: 05, Epoch: 860, Loss: 0.2473, Train: 87.60%, Valid: 83.00% Test: 75.56%
Run: 05, Epoch: 870, Loss: 0.2448, Train: 87.62%, Valid: 83.13% Test: 75.61%
Run: 05, Epoch: 880, Loss: 0.2452, Train: 87.67%, Valid: 83.09% Test: 75.59%
Run: 05, Epoch: 890, Loss: 0.2451, Train: 87.68%, Valid: 83.18% Test: 75.75%
Run: 05, Epoch: 900, Loss: 0.2447, Train: 87.70%, Valid: 83.30% Test: 76.18%
Run: 05, Epoch: 910, Loss: 0.2451, Train: 87.70%, Valid: 83.21% Test: 75.59%
Run: 05, Epoch: 920, Loss: 0.2453, Train: 87.76%, Valid: 83.23% Test: 75.52%
Run: 05, Epoch: 930, Loss: 0.2448, Train: 87.77%, Valid: 83.33% Test: 75.91%
Run: 05, Epoch: 940, Loss: 0.2437, Train: 87.79%, Valid: 83.35% Test: 76.09%
Run: 05, Epoch: 950, Loss: 0.2437, Train: 87.79%, Valid: 83.30% Test: 75.66%
Run: 05, Epoch: 960, Loss: 0.2433, Train: 87.82%, Valid: 83.28% Test: 75.37%
Run: 05, Epoch: 970, Loss: 0.2451, Train: 87.87%, Valid: 83.34% Test: 75.57%
Run: 05, Epoch: 980, Loss: 0.2443, Train: 87.87%, Valid: 83.28% Test: 75.60%
Run: 05, Epoch: 990, Loss: 0.2451, Train: 87.87%, Valid: 83.43% Test: 76.23%
Run: 05, Epoch: 1000, Loss: 0.2426, Train: 87.89%, Valid: 83.28% Test: 75.35%
Run 05:
Highest Train: 87.89
Highest Valid: 83.43
  Final Train: 87.87
   Final Test: 76.23
All runs:
Highest Train: 87.81 ± 0.10
Highest Valid: 83.40 ± 0.08
  Final Train: 87.80 ± 0.11
   Final Test: 76.35 ± 0.58
